# JRE version: Java(TM) SE Runtime Environment (8.0_201-b09) (build 1.8.0_201-b09)
# Java VM: Java HotSpot(TM) 64-Bit Server VM (25.201-b09 mixed mode windows-amd64 compressed oops)
Heap:
 PSYoungGen      total 283648K, used 52340K [0x00000000d5580000, 0x00000000e8680000, 0x0000000100000000)
  eden space 270848K, 14% used [0x00000000d5580000,0x00000000d7c22f58,0x00000000e5e00000)
  from space 12800K, 99% used [0x00000000e7a00000,0x00000000e867a370,0x00000000e8680000)
  to   space 16384K, 0% used [0x00000000e6680000,0x00000000e6680000,0x00000000e7680000)
 ParOldGen       total 81920K, used 22633K [0x0000000080000000, 0x0000000085000000, 0x00000000d5580000)
  object space 81920K, 27% used [0x0000000080000000,0x000000008161a4e0,0x0000000085000000)
 Metaspace       used 51107K, capacity 53694K, committed 53888K, reserved 1095680K
  class space    used 6989K, capacity 7480K, committed 7552K, reserved 1048576K
GC Heap History (10 events):
Event: 8.131 GC heap before
{Heap before GC invocations=8 (full 1):
 PSYoungGen      total 122368K, used 122254K [0x00000000d5580000, 0x00000000de400000, 0x0000000100000000)
  eden space 117760K, 100% used [0x00000000d5580000,0x00000000dc880000,0x00000000dc880000)
  from space 4608K, 97% used [0x00000000ddf80000,0x00000000de3e3ae8,0x00000000de400000)
  to   space 8192K, 0% used [0x00000000dd400000,0x00000000dd400000,0x00000000ddc00000)
 ParOldGen       total 52736K, used 6412K [0x0000000080000000, 0x0000000083380000, 0x00000000d5580000)
  object space 52736K, 12% used [0x0000000080000000,0x0000000080643038,0x0000000083380000)
 Metaspace       used 27028K, capacity 28734K, committed 28800K, reserved 1075200K
  class space    used 3590K, capacity 3932K, committed 3968K, reserved 1048576K
Event: 8.150 GC heap after
Heap after GC invocations=8 (full 1):
 PSYoungGen      total 137728K, used 8176K [0x00000000d5580000, 0x00000000e3180000, 0x0000000100000000)
  eden space 129536K, 0% used [0x00000000d5580000,0x00000000d5580000,0x00000000dd400000)
  from space 8192K, 99% used [0x00000000dd400000,0x00000000ddbfc060,0x00000000ddc00000)
  to   space 10240K, 0% used [0x00000000e2780000,0x00000000e2780000,0x00000000e3180000)
 ParOldGen       total 52736K, used 8538K [0x0000000080000000, 0x0000000083380000, 0x00000000d5580000)
  object space 52736K, 16% used [0x0000000080000000,0x00000000808569e8,0x0000000083380000)
 Metaspace       used 27028K, capacity 28734K, committed 28800K, reserved 1075200K
  class space    used 3590K, capacity 3932K, committed 3968K, reserved 1048576K
}
Event: 10.606 GC heap before
{Heap before GC invocations=9 (full 1):
 PSYoungGen      total 137728K, used 137712K [0x00000000d5580000, 0x00000000e3180000, 0x0000000100000000)
  eden space 129536K, 100% used [0x00000000d5580000,0x00000000dd400000,0x00000000dd400000)
  from space 8192K, 99% used [0x00000000dd400000,0x00000000ddbfc060,0x00000000ddc00000)
  to   space 10240K, 0% used [0x00000000e2780000,0x00000000e2780000,0x00000000e3180000)
 ParOldGen       total 52736K, used 8538K [0x0000000080000000, 0x0000000083380000, 0x00000000d5580000)
  object space 52736K, 16% used [0x0000000080000000,0x00000000808569e8,0x0000000083380000)
 Metaspace       used 30028K, capacity 31878K, committed 32128K, reserved 1077248K
  class space    used 3980K, capacity 4360K, committed 4480K, reserved 1048576K
Event: 10.637 GC heap after
Heap after GC invocations=9 (full 1):
 PSYoungGen      total 214016K, used 10223K [0x00000000d5580000, 0x00000000e4400000, 0x0000000100000000)
  eden space 203776K, 0% used [0x00000000d5580000,0x00000000d5580000,0x00000000e1c80000)
  from space 10240K, 99% used [0x00000000e2780000,0x00000000e317bdf8,0x00000000e3180000)
  to   space 11264K, 0% used [0x00000000e1c80000,0x00000000e1c80000,0x00000000e2780000)
 ParOldGen       total 52736K, used 8751K [0x0000000080000000, 0x0000000083380000, 0x00000000d5580000)
  object space 52736K, 16% used [0x0000000080000000,0x000000008088bfa0,0x0000000083380000)
 Metaspace       used 30028K, capacity 31878K, committed 32128K, reserved 1077248K
  class space    used 3980K, capacity 4360K, committed 4480K, reserved 1048576K
}
Event: 12.823 GC heap before
{Heap before GC invocations=10 (full 1):
 PSYoungGen      total 214016K, used 115070K [0x00000000d5580000, 0x00000000e4400000, 0x0000000100000000)
  eden space 203776K, 51% used [0x00000000d5580000,0x00000000dbbe3a20,0x00000000e1c80000)
  from space 10240K, 99% used [0x00000000e2780000,0x00000000e317bdf8,0x00000000e3180000)
  to   space 11264K, 0% used [0x00000000e1c80000,0x00000000e1c80000,0x00000000e2780000)
 ParOldGen       total 52736K, used 8751K [0x0000000080000000, 0x0000000083380000, 0x00000000d5580000)
  object space 52736K, 16% used [0x0000000080000000,0x000000008088bfa0,0x0000000083380000)
 Metaspace       used 33264K, capacity 35316K, committed 35456K, reserved 1079296K
  class space    used 4469K, capacity 4877K, committed 4992K, reserved 1048576K
Event: 12.846 GC heap after
Heap after GC invocations=10 (full 1):
 PSYoungGen      total 215040K, used 10860K [0x00000000d5580000, 0x00000000e8680000, 0x0000000100000000)
  eden space 203776K, 0% used [0x00000000d5580000,0x00000000d5580000,0x00000000e1c80000)
  from space 11264K, 96% used [0x00000000e1c80000,0x00000000e271b340,0x00000000e2780000)
  to   space 12800K, 0% used [0x00000000e7a00000,0x00000000e7a00000,0x00000000e8680000)
 ParOldGen       total 52736K, used 9783K [0x0000000080000000, 0x0000000083380000, 0x00000000d5580000)
  object space 52736K, 18% used [0x0000000080000000,0x000000008098dfa0,0x0000000083380000)
 Metaspace       used 33264K, capacity 35316K, committed 35456K, reserved 1079296K
  class space    used 4469K, capacity 4877K, committed 4992K, reserved 1048576K
}
Event: 12.846 GC heap before
{Heap before GC invocations=11 (full 2):
 PSYoungGen      total 215040K, used 10860K [0x00000000d5580000, 0x00000000e8680000, 0x0000000100000000)
  eden space 203776K, 0% used [0x00000000d5580000,0x00000000d5580000,0x00000000e1c80000)
  from space 11264K, 96% used [0x00000000e1c80000,0x00000000e271b340,0x00000000e2780000)
  to   space 12800K, 0% used [0x00000000e7a00000,0x00000000e7a00000,0x00000000e8680000)
 ParOldGen       total 52736K, used 9783K [0x0000000080000000, 0x0000000083380000, 0x00000000d5580000)
  object space 52736K, 18% used [0x0000000080000000,0x000000008098dfa0,0x0000000083380000)
 Metaspace       used 33264K, capacity 35316K, committed 35456K, reserved 1079296K
  class space    used 4469K, capacity 4877K, committed 4992K, reserved 1048576K
Event: 12.993 GC heap after
Heap after GC invocations=11 (full 2):
 PSYoungGen      total 215040K, used 0K [0x00000000d5580000, 0x00000000e8680000, 0x0000000100000000)
  eden space 203776K, 0% used [0x00000000d5580000,0x00000000d5580000,0x00000000e1c80000)
  from space 11264K, 0% used [0x00000000e1c80000,0x00000000e1c80000,0x00000000e2780000)
  to   space 12800K, 0% used [0x00000000e7a00000,0x00000000e7a00000,0x00000000e8680000)
 ParOldGen       total 81920K, used 16822K [0x0000000080000000, 0x0000000085000000, 0x00000000d5580000)
  object space 81920K, 20% used [0x0000000080000000,0x000000008106d9f8,0x0000000085000000)
 Metaspace       used 33264K, capacity 35316K, committed 35456K, reserved 1079296K
  class space    used 4469K, capacity 4877K, committed 4992K, reserved 1048576K
}
Event: 19.007 GC heap before
{Heap before GC invocations=12 (full 2):
 PSYoungGen      total 215040K, used 203776K [0x00000000d5580000, 0x00000000e8680000, 0x0000000100000000)
  eden space 203776K, 100% used [0x00000000d5580000,0x00000000e1c80000,0x00000000e1c80000)
  from space 11264K, 0% used [0x00000000e1c80000,0x00000000e1c80000,0x00000000e2780000)
  to   space 12800K, 0% used [0x00000000e7a00000,0x00000000e7a00000,0x00000000e8680000)
 ParOldGen       total 81920K, used 16822K [0x0000000080000000, 0x0000000085000000, 0x00000000d5580000)
  object space 81920K, 20% used [0x0000000080000000,0x000000008106d9f8,0x0000000085000000)
 Metaspace       used 48526K, capacity 51076K, committed 51200K, reserved 1093632K
  class space    used 6660K, capacity 7149K, committed 7168K, reserved 1048576K
Event: 19.058 GC heap after
Heap after GC invocations=12 (full 2):
 PSYoungGen      total 283648K, used 12776K [0x00000000d5580000, 0x00000000e8680000, 0x0000000100000000)
  eden space 270848K, 0% used [0x00000000d5580000,0x00000000d5580000,0x00000000e5e00000)
  from space 12800K, 99% used [0x00000000e7a00000,0x00000000e867a370,0x00000000e8680000)
  to   space 16384K, 0% used [0x00000000e6680000,0x00000000e6680000,0x00000000e7680000)
 ParOldGen       total 81920K, used 22633K [0x0000000080000000, 0x0000000085000000, 0x00000000d5580000)
  object space 81920K, 27% used [0x0000000080000000,0x000000008161a4e0,0x0000000085000000)
 Metaspace       used 48526K, capacity 51076K, committed 51200K, reserved 1093632K
  class space    used 6660K, capacity 7149K, committed 7168K, reserved 1048576K
}

