# JRE version: Java(TM) SE Runtime Environment (8.0_201-b09) (build 1.8.0_201-b09)
# Java VM: Java HotSpot(TM) 64-Bit Server VM (25.201-b09 mixed mode windows-amd64 compressed oops)
Heap:
 PSYoungGen      total 113664K, used 33627K [0x00000000d5580000, 0x00000000dcd80000, 0x0000000100000000)
  eden space 106496K, 27% used [0x00000000d5580000,0x00000000d71b1f48,0x00000000dbd80000)
  from space 7168K, 66% used [0x00000000dc680000,0x00000000dcb24d48,0x00000000dcd80000)
  to   space 8192K, 0% used [0x00000000dbd80000,0x00000000dbd80000,0x00000000dc580000)
 ParOldGen       total 57856K, used 12439K [0x0000000080000000, 0x0000000083880000, 0x00000000d5580000)
  object space 57856K, 21% used [0x0000000080000000,0x0000000080c25c70,0x0000000083880000)
 Metaspace       used 32637K, capacity 34620K, committed 34688K, reserved 1079296K
  class space    used 4333K, capacity 4729K, committed 4736K, reserved 1048576K
GC Heap History (10 events):
Event: 11.025 GC heap before
{Heap before GC invocations=11 (full 1):
 PSYoungGen      total 53248K, used 48684K [0x00000000d5580000, 0x00000000daa80000, 0x0000000100000000)
  eden space 44544K, 100% used [0x00000000d5580000,0x00000000d8100000,0x00000000d8100000)
  from space 8704K, 47% used [0x00000000d8100000,0x00000000d850b378,0x00000000d8980000)
  to   space 8192K, 0% used [0x00000000da280000,0x00000000da280000,0x00000000daa80000)
 ParOldGen       total 57856K, used 6698K [0x0000000080000000, 0x0000000083880000, 0x00000000d5580000)
  object space 57856K, 11% used [0x0000000080000000,0x000000008068a988,0x0000000083880000)
 Metaspace       used 25615K, capacity 27314K, committed 27648K, reserved 1073152K
  class space    used 3410K, capacity 3740K, committed 3840K, reserved 1048576K
Event: 11.038 GC heap after
Heap after GC invocations=11 (full 1):
 PSYoungGen      total 52736K, used 6495K [0x00000000d5580000, 0x00000000daa80000, 0x0000000100000000)
  eden space 44544K, 0% used [0x00000000d5580000,0x00000000d5580000,0x00000000d8100000)
  from space 8192K, 79% used [0x00000000da280000,0x00000000da8d7dc8,0x00000000daa80000)
  to   space 8704K, 0% used [0x00000000d8100000,0x00000000d8100000,0x00000000d8980000)
 ParOldGen       total 57856K, used 7306K [0x0000000080000000, 0x0000000083880000, 0x00000000d5580000)
  object space 57856K, 12% used [0x0000000080000000,0x0000000080722988,0x0000000083880000)
 Metaspace       used 25615K, capacity 27314K, committed 27648K, reserved 1073152K
  class space    used 3410K, capacity 3740K, committed 3840K, reserved 1048576K
}
Event: 11.248 GC heap before
{Heap before GC invocations=12 (full 1):
 PSYoungGen      total 52736K, used 51024K [0x00000000d5580000, 0x00000000daa80000, 0x0000000100000000)
  eden space 44544K, 99% used [0x00000000d5580000,0x00000000d80fc4a8,0x00000000d8100000)
  from space 8192K, 79% used [0x00000000da280000,0x00000000da8d7dc8,0x00000000daa80000)
  to   space 8704K, 0% used [0x00000000d8100000,0x00000000d8100000,0x00000000d8980000)
 ParOldGen       total 57856K, used 7306K [0x0000000080000000, 0x0000000083880000, 0x00000000d5580000)
  object space 57856K, 12% used [0x0000000080000000,0x0000000080722988,0x0000000083880000)
 Metaspace       used 26788K, capacity 28466K, committed 28800K, reserved 1075200K
  class space    used 3544K, capacity 3868K, committed 3968K, reserved 1048576K
Event: 11.260 GC heap after
Heap after GC invocations=12 (full 1):
 PSYoungGen      total 53248K, used 2267K [0x00000000d5580000, 0x00000000dab00000, 0x0000000100000000)
  eden space 44544K, 0% used [0x00000000d5580000,0x00000000d5580000,0x00000000d8100000)
  from space 8704K, 26% used [0x00000000d8100000,0x00000000d8336e08,0x00000000d8980000)
  to   space 8704K, 0% used [0x00000000da280000,0x00000000da280000,0x00000000dab00000)
 ParOldGen       total 57856K, used 8990K [0x0000000080000000, 0x0000000083880000, 0x00000000d5580000)
  object space 57856K, 15% used [0x0000000080000000,0x00000000808c7820,0x0000000083880000)
 Metaspace       used 26788K, capacity 28466K, committed 28800K, reserved 1075200K
  class space    used 3544K, capacity 3868K, committed 3968K, reserved 1048576K
}
Event: 11.595 GC heap before
{Heap before GC invocations=13 (full 1):
 PSYoungGen      total 53248K, used 46811K [0x00000000d5580000, 0x00000000dab00000, 0x0000000100000000)
  eden space 44544K, 100% used [0x00000000d5580000,0x00000000d8100000,0x00000000d8100000)
  from space 8704K, 26% used [0x00000000d8100000,0x00000000d8336e08,0x00000000d8980000)
  to   space 8704K, 0% used [0x00000000da280000,0x00000000da280000,0x00000000dab00000)
 ParOldGen       total 57856K, used 8990K [0x0000000080000000, 0x0000000083880000, 0x00000000d5580000)
  object space 57856K, 15% used [0x0000000080000000,0x00000000808c7820,0x0000000083880000)
 Metaspace       used 28068K, capacity 29730K, committed 29952K, reserved 1075200K
  class space    used 3707K, capacity 4034K, committed 4096K, reserved 1048576K
Event: 11.599 GC heap after
Heap after GC invocations=13 (full 1):
 PSYoungGen      total 77824K, used 3091K [0x00000000d5580000, 0x00000000daa80000, 0x0000000100000000)
  eden space 69632K, 0% used [0x00000000d5580000,0x00000000d5580000,0x00000000d9980000)
  from space 8192K, 37% used [0x00000000da280000,0x00000000da584e10,0x00000000daa80000)
  to   space 8704K, 0% used [0x00000000d9980000,0x00000000d9980000,0x00000000da200000)
 ParOldGen       total 57856K, used 9726K [0x0000000080000000, 0x0000000083880000, 0x00000000d5580000)
  object space 57856K, 16% used [0x0000000080000000,0x000000008097f820,0x0000000083880000)
 Metaspace       used 28068K, capacity 29730K, committed 29952K, reserved 1075200K
  class space    used 3707K, capacity 4034K, committed 4096K, reserved 1048576K
}
Event: 12.731 GC heap before
{Heap before GC invocations=14 (full 1):
 PSYoungGen      total 77824K, used 72723K [0x00000000d5580000, 0x00000000daa80000, 0x0000000100000000)
  eden space 69632K, 100% used [0x00000000d5580000,0x00000000d9980000,0x00000000d9980000)
  from space 8192K, 37% used [0x00000000da280000,0x00000000da584e10,0x00000000daa80000)
  to   space 8704K, 0% used [0x00000000d9980000,0x00000000d9980000,0x00000000da200000)
 ParOldGen       total 57856K, used 9726K [0x0000000080000000, 0x0000000083880000, 0x00000000d5580000)
  object space 57856K, 16% used [0x0000000080000000,0x000000008097f820,0x0000000083880000)
 Metaspace       used 29973K, capacity 31836K, committed 32000K, reserved 1077248K
  class space    used 3957K, capacity 4351K, committed 4352K, reserved 1048576K
Event: 12.742 GC heap after
Heap after GC invocations=14 (full 1):
 PSYoungGen      total 78336K, used 4150K [0x00000000d5580000, 0x00000000dce80000, 0x0000000100000000)
  eden space 69632K, 0% used [0x00000000d5580000,0x00000000d5580000,0x00000000d9980000)
  from space 8704K, 47% used [0x00000000d9980000,0x00000000d9d8daa0,0x00000000da200000)
  to   space 8192K, 0% used [0x00000000dc680000,0x00000000dc680000,0x00000000dce80000)
 ParOldGen       total 57856K, used 11119K [0x0000000080000000, 0x0000000083880000, 0x00000000d5580000)
  object space 57856K, 19% used [0x0000000080000000,0x0000000080adbc70,0x0000000083880000)
 Metaspace       used 29973K, capacity 31836K, committed 32000K, reserved 1077248K
  class space    used 3957K, capacity 4351K, committed 4352K, reserved 1048576K
}
Event: 13.690 GC heap before
{Heap before GC invocations=15 (full 1):
 PSYoungGen      total 78336K, used 73782K [0x00000000d5580000, 0x00000000dce80000, 0x0000000100000000)
  eden space 69632K, 100% used [0x00000000d5580000,0x00000000d9980000,0x00000000d9980000)
  from space 8704K, 47% used [0x00000000d9980000,0x00000000d9d8daa0,0x00000000da200000)
  to   space 8192K, 0% used [0x00000000dc680000,0x00000000dc680000,0x00000000dce80000)
 ParOldGen       total 57856K, used 11119K [0x0000000080000000, 0x0000000083880000, 0x00000000d5580000)
  object space 57856K, 19% used [0x0000000080000000,0x0000000080adbc70,0x0000000083880000)
 Metaspace       used 31859K, capacity 33826K, committed 34176K, reserved 1079296K
  class space    used 4211K, capacity 4622K, committed 4736K, reserved 1048576K
Event: 13.706 GC heap after
Heap after GC invocations=15 (full 1):
 PSYoungGen      total 113664K, used 4755K [0x00000000d5580000, 0x00000000dcd80000, 0x0000000100000000)
  eden space 106496K, 0% used [0x00000000d5580000,0x00000000d5580000,0x00000000dbd80000)
  from space 7168K, 66% used [0x00000000dc680000,0x00000000dcb24d48,0x00000000dcd80000)
  to   space 8192K, 0% used [0x00000000dbd80000,0x00000000dbd80000,0x00000000dc580000)
 ParOldGen       total 57856K, used 12439K [0x0000000080000000, 0x0000000083880000, 0x00000000d5580000)
  object space 57856K, 21% used [0x0000000080000000,0x0000000080c25c70,0x0000000083880000)
 Metaspace       used 31859K, capacity 33826K, committed 34176K, reserved 1079296K
  class space    used 4211K, capacity 4622K, committed 4736K, reserved 1048576K
}

